<?xml version="1.0" encoding="UTF-8"?>
<robot generator="Robot 6.1.1 (Python 3.12.0 on win32)" generated="20231213 15:25:23.768" rpa="false" schemaversion="4">
<suite id="s1" name="Login" source="E:\FINDING JOB\materi myskill qa\myskill-robotframework\step\login.robot">
<kw name="Open Browser" library="SeleniumLibrary" type="SETUP">
<arg>${WebSauceDemo}</arg>
<arg>${BROWSER}</arg>
<doc>Opens a new browser instance to the optional ``url``.</doc>
<msg timestamp="20231213 15:25:24.132" level="INFO">Opening browser 'chrome' to base url 'https://www.saucedemo.com/'.</msg>
<status status="PASS" starttime="20231213 15:25:24.131" endtime="20231213 15:25:28.657"/>
</kw>
<test id="s1-t1" name="User Login with invalid data" line="48">
<kw name="Input invalid Username">
<kw name="Input Text" library="SeleniumLibrary">
<arg>${txtUsername}</arg>
<arg>123</arg>
<doc>Types the given ``text`` into the text field identified by ``locator``.</doc>
<msg timestamp="20231213 15:25:28.660" level="INFO">Typing text '123' into text field 'user-name'.</msg>
<status status="PASS" starttime="20231213 15:25:28.659" endtime="20231213 15:25:28.840"/>
</kw>
<status status="PASS" starttime="20231213 15:25:28.658" endtime="20231213 15:25:28.841"/>
</kw>
<kw name="Input password">
<kw name="Input Text" library="SeleniumLibrary">
<arg>${txtPassword}</arg>
<arg>secret_sauce</arg>
<doc>Types the given ``text`` into the text field identified by ``locator``.</doc>
<msg timestamp="20231213 15:25:28.844" level="INFO">Typing text 'secret_sauce' into text field 'password'.</msg>
<status status="PASS" starttime="20231213 15:25:28.842" endtime="20231213 15:25:29.011"/>
</kw>
<status status="PASS" starttime="20231213 15:25:28.841" endtime="20231213 15:25:29.011"/>
</kw>
<kw name="Click button login">
<kw name="Click Element" library="SeleniumLibrary">
<arg>${btnLogin}</arg>
<doc>Click the element identified by ``locator``.</doc>
<msg timestamp="20231213 15:25:29.013" level="INFO">Clicking element 'login-button'.</msg>
<status status="PASS" starttime="20231213 15:25:29.012" endtime="20231213 15:25:29.113"/>
</kw>
<kw name="Sleep" library="BuiltIn">
<arg>1s</arg>
<doc>Pauses the test executed for the given time.</doc>
<msg timestamp="20231213 15:25:30.114" level="INFO">Slept 1 second</msg>
<status status="PASS" starttime="20231213 15:25:29.113" endtime="20231213 15:25:30.114"/>
</kw>
<status status="PASS" starttime="20231213 15:25:29.012" endtime="20231213 15:25:30.114"/>
</kw>
<status status="PASS" starttime="20231213 15:25:28.657" endtime="20231213 15:25:30.116"/>
</test>
<kw name="Close Browser" library="SeleniumLibrary" type="TEARDOWN">
<doc>Closes the current browser.</doc>
<status status="PASS" starttime="20231213 15:25:30.122" endtime="20231213 15:25:33.412"/>
</kw>
<status status="PASS" starttime="20231213 15:25:23.771" endtime="20231213 15:25:33.412"/>
</suite>
<statistics>
<total>
<stat pass="1" fail="0" skip="0">All Tests</stat>
</total>
<tag>
</tag>
<suite>
<stat pass="1" fail="0" skip="0" id="s1" name="Login">Login</stat>
</suite>
</statistics>
<errors>
</errors>
</robot>
